<?xml version="1.0" encoding="UTF-8"?>
<!-- Generated by org.testng.reporters.JUnitXMLReporter -->
<testsuite ignored="3" hostname="SarthakDell" failures="1" tests="10" name="Test" time="25.864" errors="0" timestamp="2024-10-08T20:32:02 EDT">
  <testcase classname="com.tutorialsNinja.TestCases.SearchProductTest" name="searchWithValidProduct" time="0.751"/>
  <testcase classname="com.tutorialsNinja.TestCases.LoginTest" name="verifyLoginWithValidEmailInvalidPassword" time="1.048"/>
  <testcase classname="com.tutorialsNinja.TestCases.RegisterTest" name="verifyRegisterWithExistingEmail" time="2.187"/>
  <testcase classname="com.tutorialsNinja.TestCases.SearchProductTest" name="searchWithInvalidProduct" time="0.773">
    <failure type="java.lang.AssertionError" message="expected [false] but found [true]">
      <![CDATA[java.lang.AssertionError: expected [false] but found [true]
at com.tutorialsNinja.TestCases.SearchProductTest.searchWithInvalidProduct(SearchProductTest.java:43)
at java.base/java.util.concurrent.ThreadPoolExecutor.runWorker(ThreadPoolExecutor.java:1136)
at java.base/java.util.concurrent.ThreadPoolExecutor$Worker.run(ThreadPoolExecutor.java:635)
at java.base/java.lang.Thread.run(Thread.java:842)
... Removed 16 stack frames]]>
    </failure>
  </testcase> <!-- searchWithInvalidProduct -->
  <testcase classname="com.tutorialsNinja.TestCases.SearchProductTest" name="searchWithNoProduct" time="0.0">
    <skipped/>
  </testcase> <!-- searchWithNoProduct -->
  <testcase classname="com.tutorialsNinja.TestCases.LoginTest" name="verifyLoginWithInvalidEmailValidPassword" time="1.107"/>
  <testcase classname="com.tutorialsNinja.TestCases.RegisterTest" name="verifyRegisterWithIncorrectConfirmPassword" time="2.548"/>
  <testcase classname="com.tutorialsNinja.TestCases.LoginTest" name="verifyLoginWithInvalidCredentials" time="0.862"/>
  <testcase classname="com.tutorialsNinja.TestCases.RegisterTest" name="verifyRegisterWithNoDetails" time="0.962"/>
  <testcase classname="com.tutorialsNinja.TestCases.LoginTest" name="verifyLoginWithNoCredentials" time="0.828"/>
  <testcase classname="com.tutorialsNinja.TestCases.LoginTest" name="verifyLoginWithValidCredentials" time="0.0">
    <ignored/>
  </testcase> <!-- verifyLoginWithValidCredentials -->
  <testcase classname="com.tutorialsNinja.TestCases.RegisterTest" name="verifyRegisterWithAllDetails" time="0.0">
    <ignored/>
  </testcase> <!-- verifyRegisterWithAllDetails -->
  <testcase classname="com.tutorialsNinja.TestCases.RegisterTest" name="verifyRegisterWithMandatoryDetails" time="0.0">
    <ignored/>
  </testcase> <!-- verifyRegisterWithMandatoryDetails -->
</testsuite> <!-- Test -->
