<?xml version="1.0" encoding="UTF-8"?>
<testng-results ignored="0" total="10" passed="8" failed="1" skipped="1">
  <reporter-output>
  </reporter-output>
  <suite started-at="2024-10-08T20:34:32 EDT" name="Surefire suite" finished-at="2024-10-08T20:35:25 EDT" duration-ms="52778">
    <groups>
    </groups>
    <test started-at="2024-10-08T20:34:32 EDT" name="Surefire test" finished-at="2024-10-08T20:35:25 EDT" duration-ms="52778">
      <class name="com.tutorialsNinja.TestCases.SearchProductTest">
        <test-method is-config="true" signature="loginSetup()[pri:0, instance:com.tutorialsNinja.TestCases.SearchProductTest@4386f16]" started-at="2024-10-08T20:35:16 EDT" name="loginSetup" finished-at="2024-10-08T20:35:20 EDT" duration-ms="3602" status="PASS">
          <reporter-output>
          </reporter-output>
        </test-method> <!-- loginSetup -->
        <test-method signature="searchWithValidProduct()[pri:1, instance:com.tutorialsNinja.TestCases.SearchProductTest@4386f16]" started-at="2024-10-08T20:35:20 EDT" name="searchWithValidProduct" finished-at="2024-10-08T20:35:20 EDT" duration-ms="660" status="PASS">
          <reporter-output>
          </reporter-output>
        </test-method> <!-- searchWithValidProduct -->
        <test-method is-config="true" signature="tearDown()[pri:0, instance:com.tutorialsNinja.TestCases.SearchProductTest@4386f16]" started-at="2024-10-08T20:35:20 EDT" name="tearDown" finished-at="2024-10-08T20:35:20 EDT" duration-ms="225" status="PASS">
          <reporter-output>
          </reporter-output>
        </test-method> <!-- tearDown -->
        <test-method is-config="true" signature="loginSetup()[pri:0, instance:com.tutorialsNinja.TestCases.SearchProductTest@4386f16]" started-at="2024-10-08T20:35:20 EDT" name="loginSetup" finished-at="2024-10-08T20:35:24 EDT" duration-ms="3618" status="PASS">
          <reporter-output>
          </reporter-output>
        </test-method> <!-- loginSetup -->
        <test-method signature="searchWithInvalidProduct()[pri:2, instance:com.tutorialsNinja.TestCases.SearchProductTest@4386f16]" started-at="2024-10-08T20:35:24 EDT" name="searchWithInvalidProduct" finished-at="2024-10-08T20:35:25 EDT" duration-ms="677" status="FAIL">
          <exception class="java.lang.AssertionError">
            <message>
              <![CDATA[expected [false] but found [true]]]>
            </message>
            <full-stacktrace>
              <![CDATA[java.lang.AssertionError: expected [false] but found [true]
at org.testng.Assert.fail(Assert.java:111)
at org.testng.Assert.failNotEquals(Assert.java:1578)
at org.testng.Assert.assertFalse(Assert.java:79)
at org.testng.Assert.assertFalse(Assert.java:89)
at com.tutorialsNinja.TestCases.SearchProductTest.searchWithInvalidProduct(SearchProductTest.java:43)
at java.base/jdk.internal.reflect.NativeMethodAccessorImpl.invoke0(Native Method)
at java.base/jdk.internal.reflect.NativeMethodAccessorImpl.invoke(NativeMethodAccessorImpl.java:77)
at java.base/jdk.internal.reflect.DelegatingMethodAccessorImpl.invoke(DelegatingMethodAccessorImpl.java:43)
at java.base/java.lang.reflect.Method.invoke(Method.java:568)
at org.testng.internal.invokers.MethodInvocationHelper.invokeMethod(MethodInvocationHelper.java:139)
at org.testng.internal.invokers.TestInvoker.invokeMethod(TestInvoker.java:664)
at org.testng.internal.invokers.TestInvoker.invokeTestMethod(TestInvoker.java:227)
at org.testng.internal.invokers.MethodRunner.runInSequence(MethodRunner.java:50)
at org.testng.internal.invokers.TestInvoker$MethodInvocationAgent.invoke(TestInvoker.java:957)
at org.testng.internal.invokers.TestInvoker.invokeTestMethods(TestInvoker.java:200)
at org.testng.internal.invokers.TestMethodWorker.invokeTestMethods(TestMethodWorker.java:148)
at org.testng.internal.invokers.TestMethodWorker.run(TestMethodWorker.java:128)
at java.base/java.util.ArrayList.forEach(ArrayList.java:1511)
at org.testng.TestRunner.privateRun(TestRunner.java:848)
at org.testng.TestRunner.run(TestRunner.java:621)
at org.testng.SuiteRunner.runTest(SuiteRunner.java:443)
at org.testng.SuiteRunner.runSequentially(SuiteRunner.java:437)
at org.testng.SuiteRunner.privateRun(SuiteRunner.java:397)
at org.testng.SuiteRunner.run(SuiteRunner.java:336)
at org.testng.SuiteRunnerWorker.runSuite(SuiteRunnerWorker.java:52)
at org.testng.SuiteRunnerWorker.run(SuiteRunnerWorker.java:95)
at org.testng.TestNG.runSuitesSequentially(TestNG.java:1280)
at org.testng.TestNG.runSuitesLocally(TestNG.java:1200)
at org.testng.TestNG.runSuites(TestNG.java:1114)
at org.testng.TestNG.run(TestNG.java:1082)
at org.apache.maven.surefire.testng.TestNGExecutor.run(TestNGExecutor.java:155)
at org.apache.maven.surefire.testng.TestNGDirectoryTestSuite.executeMulti(TestNGDirectoryTestSuite.java:169)
at org.apache.maven.surefire.testng.TestNGDirectoryTestSuite.execute(TestNGDirectoryTestSuite.java:88)
at org.apache.maven.surefire.testng.TestNGProvider.invoke(TestNGProvider.java:137)
at org.apache.maven.surefire.booter.ForkedBooter.runSuitesInProcess(ForkedBooter.java:385)
at org.apache.maven.surefire.booter.ForkedBooter.execute(ForkedBooter.java:162)
at org.apache.maven.surefire.booter.ForkedBooter.run(ForkedBooter.java:507)
at org.apache.maven.surefire.booter.ForkedBooter.main(ForkedBooter.java:495)
]]>
            </full-stacktrace>
          </exception> <!-- java.lang.AssertionError -->
          <reporter-output>
          </reporter-output>
        </test-method> <!-- searchWithInvalidProduct -->
        <test-method is-config="true" signature="tearDown()[pri:0, instance:com.tutorialsNinja.TestCases.SearchProductTest@4386f16]" started-at="2024-10-08T20:35:25 EDT" name="tearDown" finished-at="2024-10-08T20:35:25 EDT" duration-ms="192" status="PASS">
          <reporter-output>
          </reporter-output>
        </test-method> <!-- tearDown -->
        <test-method signature="searchWithNoProduct()[pri:3, instance:com.tutorialsNinja.TestCases.SearchProductTest@4386f16]" started-at="2024-10-08T20:35:25 EDT" name="searchWithNoProduct" finished-at="2024-10-08T20:35:25 EDT" depends-on-methods="com.tutorialsNinja.TestCases.SearchProductTest.searchWithInvalidProduct" duration-ms="0" status="SKIP">
          <exception class="java.lang.Throwable">
            <message>
              <![CDATA[Method com.tutorialsNinja.TestCases.SearchProductTest.searchWithNoProduct() on instance com.tutorialsNinja.TestCases.SearchProductTest@4386f16 depends on not successfully finished methods 
[com.tutorialsNinja.TestCases.SearchProductTest.searchWithInvalidProduct() on instance com.tutorialsNinja.TestCases.SearchProductTest@4386f16]]]>
            </message>
            <full-stacktrace>
              <![CDATA[java.lang.Throwable: Method com.tutorialsNinja.TestCases.SearchProductTest.searchWithNoProduct() on instance com.tutorialsNinja.TestCases.SearchProductTest@4386f16 depends on not successfully finished methods 
[com.tutorialsNinja.TestCases.SearchProductTest.searchWithInvalidProduct() on instance com.tutorialsNinja.TestCases.SearchProductTest@4386f16]
at org.testng.internal.invokers.TestInvoker.invokeTestMethods(TestInvoker.java:156)
at org.testng.internal.invokers.TestMethodWorker.invokeTestMethods(TestMethodWorker.java:148)
at org.testng.internal.invokers.TestMethodWorker.run(TestMethodWorker.java:128)
at java.base/java.util.ArrayList.forEach(ArrayList.java:1511)
at org.testng.TestRunner.privateRun(TestRunner.java:848)
at org.testng.TestRunner.run(TestRunner.java:621)
at org.testng.SuiteRunner.runTest(SuiteRunner.java:443)
at org.testng.SuiteRunner.runSequentially(SuiteRunner.java:437)
at org.testng.SuiteRunner.privateRun(SuiteRunner.java:397)
at org.testng.SuiteRunner.run(SuiteRunner.java:336)
at org.testng.SuiteRunnerWorker.runSuite(SuiteRunnerWorker.java:52)
at org.testng.SuiteRunnerWorker.run(SuiteRunnerWorker.java:95)
at org.testng.TestNG.runSuitesSequentially(TestNG.java:1280)
at org.testng.TestNG.runSuitesLocally(TestNG.java:1200)
at org.testng.TestNG.runSuites(TestNG.java:1114)
at org.testng.TestNG.run(TestNG.java:1082)
at org.apache.maven.surefire.testng.TestNGExecutor.run(TestNGExecutor.java:155)
at org.apache.maven.surefire.testng.TestNGDirectoryTestSuite.executeMulti(TestNGDirectoryTestSuite.java:169)
at org.apache.maven.surefire.testng.TestNGDirectoryTestSuite.execute(TestNGDirectoryTestSuite.java:88)
at org.apache.maven.surefire.testng.TestNGProvider.invoke(TestNGProvider.java:137)
at org.apache.maven.surefire.booter.ForkedBooter.runSuitesInProcess(ForkedBooter.java:385)
at org.apache.maven.surefire.booter.ForkedBooter.execute(ForkedBooter.java:162)
at org.apache.maven.surefire.booter.ForkedBooter.run(ForkedBooter.java:507)
at org.apache.maven.surefire.booter.ForkedBooter.main(ForkedBooter.java:495)
]]>
            </full-stacktrace>
          </exception> <!-- java.lang.Throwable -->
          <reporter-output>
          </reporter-output>
        </test-method> <!-- searchWithNoProduct -->
      </class> <!-- com.tutorialsNinja.TestCases.SearchProductTest -->
      <class name="com.tutorialsNinja.TestCases.RegisterTest">
        <test-method is-config="true" signature="loginSetup()[pri:0, instance:com.tutorialsNinja.TestCases.RegisterTest@1534f01b]" started-at="2024-10-08T20:34:56 EDT" name="loginSetup" finished-at="2024-10-08T20:35:01 EDT" duration-ms="4680" status="PASS">
          <reporter-output>
          </reporter-output>
        </test-method> <!-- loginSetup -->
        <test-method signature="verifyRegisterWithExistingEmail()[pri:3, instance:com.tutorialsNinja.TestCases.RegisterTest@1534f01b]" started-at="2024-10-08T20:35:01 EDT" name="verifyRegisterWithExistingEmail" finished-at="2024-10-08T20:35:03 EDT" duration-ms="1950" status="PASS">
          <reporter-output>
          </reporter-output>
        </test-method> <!-- verifyRegisterWithExistingEmail -->
        <test-method is-config="true" signature="tearDown()[pri:0, instance:com.tutorialsNinja.TestCases.RegisterTest@1534f01b]" started-at="2024-10-08T20:35:03 EDT" name="tearDown" finished-at="2024-10-08T20:35:03 EDT" duration-ms="216" status="PASS">
          <reporter-output>
          </reporter-output>
        </test-method> <!-- tearDown -->
        <test-method is-config="true" signature="loginSetup()[pri:0, instance:com.tutorialsNinja.TestCases.RegisterTest@1534f01b]" started-at="2024-10-08T20:35:03 EDT" name="loginSetup" finished-at="2024-10-08T20:35:08 EDT" duration-ms="4890" status="PASS">
          <reporter-output>
          </reporter-output>
        </test-method> <!-- loginSetup -->
        <test-method signature="verifyRegisterWithIncorrectConfirmPassword()[pri:4, instance:com.tutorialsNinja.TestCases.RegisterTest@1534f01b]" started-at="2024-10-08T20:35:08 EDT" name="verifyRegisterWithIncorrectConfirmPassword" finished-at="2024-10-08T20:35:10 EDT" duration-ms="2057" status="PASS">
          <reporter-output>
          </reporter-output>
        </test-method> <!-- verifyRegisterWithIncorrectConfirmPassword -->
        <test-method is-config="true" signature="tearDown()[pri:0, instance:com.tutorialsNinja.TestCases.RegisterTest@1534f01b]" started-at="2024-10-08T20:35:10 EDT" name="tearDown" finished-at="2024-10-08T20:35:11 EDT" duration-ms="227" status="PASS">
          <reporter-output>
          </reporter-output>
        </test-method> <!-- tearDown -->
        <test-method is-config="true" signature="loginSetup()[pri:0, instance:com.tutorialsNinja.TestCases.RegisterTest@1534f01b]" started-at="2024-10-08T20:35:11 EDT" name="loginSetup" finished-at="2024-10-08T20:35:15 EDT" duration-ms="4269" status="PASS">
          <reporter-output>
          </reporter-output>
        </test-method> <!-- loginSetup -->
        <test-method signature="verifyRegisterWithNoDetails()[pri:5, instance:com.tutorialsNinja.TestCases.RegisterTest@1534f01b]" started-at="2024-10-08T20:35:15 EDT" name="verifyRegisterWithNoDetails" finished-at="2024-10-08T20:35:16 EDT" duration-ms="865" status="PASS">
          <reporter-output>
          </reporter-output>
        </test-method> <!-- verifyRegisterWithNoDetails -->
        <test-method is-config="true" signature="tearDown()[pri:0, instance:com.tutorialsNinja.TestCases.RegisterTest@1534f01b]" started-at="2024-10-08T20:35:16 EDT" name="tearDown" finished-at="2024-10-08T20:35:16 EDT" duration-ms="306" status="PASS">
          <reporter-output>
          </reporter-output>
        </test-method> <!-- tearDown -->
      </class> <!-- com.tutorialsNinja.TestCases.RegisterTest -->
      <class name="com.tutorialsNinja.TestCases.LoginTest">
        <test-method is-config="true" signature="loginSetup()[pri:0, instance:com.tutorialsNinja.TestCases.LoginTest@54c562f7]" started-at="2024-10-08T20:34:32 EDT" name="loginSetup" finished-at="2024-10-08T20:34:38 EDT" duration-ms="5589" status="PASS">
          <reporter-output>
          </reporter-output>
        </test-method> <!-- loginSetup -->
        <test-method signature="verifyLoginWithValidEmailInvalidPassword()[pri:2, instance:com.tutorialsNinja.TestCases.LoginTest@54c562f7]" started-at="2024-10-08T20:34:38 EDT" name="verifyLoginWithValidEmailInvalidPassword" finished-at="2024-10-08T20:34:39 EDT" duration-ms="1226" status="PASS">
          <reporter-output>
          </reporter-output>
        </test-method> <!-- verifyLoginWithValidEmailInvalidPassword -->
        <test-method is-config="true" signature="tearDown()[pri:0, instance:com.tutorialsNinja.TestCases.LoginTest@54c562f7]" started-at="2024-10-08T20:34:39 EDT" name="tearDown" finished-at="2024-10-08T20:34:39 EDT" duration-ms="411" status="PASS">
          <reporter-output>
          </reporter-output>
        </test-method> <!-- tearDown -->
        <test-method is-config="true" signature="loginSetup()[pri:0, instance:com.tutorialsNinja.TestCases.LoginTest@54c562f7]" started-at="2024-10-08T20:34:39 EDT" name="loginSetup" finished-at="2024-10-08T20:34:44 EDT" duration-ms="4499" status="PASS">
          <reporter-output>
          </reporter-output>
        </test-method> <!-- loginSetup -->
        <test-method signature="verifyLoginWithInvalidEmailValidPassword()[pri:3, instance:com.tutorialsNinja.TestCases.LoginTest@54c562f7]" started-at="2024-10-08T20:34:44 EDT" name="verifyLoginWithInvalidEmailValidPassword" finished-at="2024-10-08T20:34:45 EDT" duration-ms="1297" status="PASS">
          <reporter-output>
          </reporter-output>
        </test-method> <!-- verifyLoginWithInvalidEmailValidPassword -->
        <test-method is-config="true" signature="tearDown()[pri:0, instance:com.tutorialsNinja.TestCases.LoginTest@54c562f7]" started-at="2024-10-08T20:34:45 EDT" name="tearDown" finished-at="2024-10-08T20:34:46 EDT" duration-ms="328" status="PASS">
          <reporter-output>
          </reporter-output>
        </test-method> <!-- tearDown -->
        <test-method is-config="true" signature="loginSetup()[pri:0, instance:com.tutorialsNinja.TestCases.LoginTest@54c562f7]" started-at="2024-10-08T20:34:46 EDT" name="loginSetup" finished-at="2024-10-08T20:34:50 EDT" duration-ms="4329" status="PASS">
          <reporter-output>
          </reporter-output>
        </test-method> <!-- loginSetup -->
        <test-method signature="verifyLoginWithInvalidCredentials()[pri:4, instance:com.tutorialsNinja.TestCases.LoginTest@54c562f7]" started-at="2024-10-08T20:34:50 EDT" name="verifyLoginWithInvalidCredentials" finished-at="2024-10-08T20:34:51 EDT" duration-ms="1214" status="PASS">
          <reporter-output>
          </reporter-output>
        </test-method> <!-- verifyLoginWithInvalidCredentials -->
        <test-method is-config="true" signature="tearDown()[pri:0, instance:com.tutorialsNinja.TestCases.LoginTest@54c562f7]" started-at="2024-10-08T20:34:51 EDT" name="tearDown" finished-at="2024-10-08T20:34:51 EDT" duration-ms="294" status="PASS">
          <reporter-output>
          </reporter-output>
        </test-method> <!-- tearDown -->
        <test-method is-config="true" signature="loginSetup()[pri:0, instance:com.tutorialsNinja.TestCases.LoginTest@54c562f7]" started-at="2024-10-08T20:34:51 EDT" name="loginSetup" finished-at="2024-10-08T20:34:55 EDT" duration-ms="3890" status="PASS">
          <reporter-output>
          </reporter-output>
        </test-method> <!-- loginSetup -->
        <test-method signature="verifyLoginWithNoCredentials()[pri:5, instance:com.tutorialsNinja.TestCases.LoginTest@54c562f7]" started-at="2024-10-08T20:34:55 EDT" name="verifyLoginWithNoCredentials" finished-at="2024-10-08T20:34:56 EDT" duration-ms="803" status="PASS">
          <reporter-output>
          </reporter-output>
        </test-method> <!-- verifyLoginWithNoCredentials -->
        <test-method is-config="true" signature="tearDown()[pri:0, instance:com.tutorialsNinja.TestCases.LoginTest@54c562f7]" started-at="2024-10-08T20:34:56 EDT" name="tearDown" finished-at="2024-10-08T20:34:56 EDT" duration-ms="367" status="PASS">
          <reporter-output>
          </reporter-output>
        </test-method> <!-- tearDown -->
      </class> <!-- com.tutorialsNinja.TestCases.LoginTest -->
    </test> <!-- Surefire test -->
  </suite> <!-- Surefire suite -->
</testng-results>
